<?xml version="1.0" encoding="UTF-8"?>
<testsuite xmlns:xsi="http://www.w3.org/2001/XMLSchema-instance" xsi:noNamespaceSchemaLocation="https://maven.apache.org/surefire/maven-surefire-plugin/xsd/surefire-test-report-3.0.xsd" version="3.0" name="ec.epn.edu.CalculatorTest" time="0.028" tests="8" errors="0" skipped="0" failures="0">
  <properties>
[...]
</properties>
  <testcase name="given_negativeNumber_whenSquareRoot_thenThrowIllegalArgumentException" classname="ec.epn.edu.CalculatorTest" time="0.004"/>
  <testcase name="given_numberAndZero_whenDivide_thenThrowArithmeticException" classname="ec.epn.edu.CalculatorTest" time="0.005"/>
  <testcase name="given_twoIntegers_whenMultiply_thenReturnCorrectProduct" classname="ec.epn.edu.CalculatorTest" time="0.001"/>
  <testcase name="given_twoIntegers_whenSubtract_thenReturnCorrectDifference" classname="ec.epn.edu.CalculatorTest" time="0.0"/>
  <testcase name="given_oneNumber_whenSum_thenReturnCorrectSum" classname="ec.epn.edu.CalculatorTest" time="0.001"/>
  <testcase name="given_twoIntegers_whenAdd_thenReturnCorrectSum" classname="ec.epn.edu.CalculatorTest" time="0.001"/>
  <testcase name="given_positiveNumber_whenNaturalLog_thenReturnCorrectValue" classname="ec.epn.edu.CalculatorTest" time="0.001"/>
  <testcase name="given_positiveInteger_whenFactorial_thenReturnCorrectValue" classname="ec.epn.edu.CalculatorTest" time="0.001"/>
</testsuite>